<?xml version="1.0" encoding="UTF-8"?>
<testng-results ignored="1" total="2" passed="1" failed="0" skipped="0">
  <reporter-output>
  </reporter-output>
  <suite started-at="2019-10-21T17:38:40 EDT" name="Default suite" finished-at="2019-10-21T17:38:52 EDT" duration-ms="12278">
    <groups>
    </groups>
    <test started-at="2019-10-21T17:38:40 EDT" name="Default test" finished-at="2019-10-21T17:38:52 EDT" duration-ms="12278">
      <class name="pkg_a.Collection">
        <test-method signature="launchBrowser()[pri:0, instance:pkg_a.Collection@6aaceffd]" started-at="2019-10-21T17:38:40 EDT" name="launchBrowser" finished-at="2019-10-21T17:38:52 EDT" duration-ms="12236" status="PASS">
          <reporter-output>
          </reporter-output>
        </test-method> <!-- launchBrowser -->
      </class> <!-- pkg_a.Collection -->
    </test> <!-- Default test -->
  </suite> <!-- Default suite -->
</testng-results>
